2010-03-11 10:02:58,117 - Trying to use logger class org.apache.velocity.runtime.log.Log4JLogChute
2010-03-11 10:02:58,117 - Using logger class org.apache.velocity.runtime.log.Log4JLogChute
2010-03-11 10:02:58,119 - Default ResourceManager initializing. (class org.apache.velocity.runtime.resource.ResourceManagerImpl)
2010-03-11 10:02:58,122 - ResourceLoader instantiated: org.apache.velocity.runtime.resource.loader.FileResourceLoader
2010-03-11 10:02:58,123 - Do unicode file recognition:  false
2010-03-11 10:02:58,123 - FileResourceLoader : adding path '/home/jchoyt/devel/invasion/config/templates'
2010-03-11 10:02:58,133 - ResourceCache: initialized (class org.apache.velocity.runtime.resource.ResourceCacheImpl)
2010-03-11 10:02:58,134 - Loaded System Directive: org.apache.velocity.runtime.directive.Literal
2010-03-11 10:02:58,135 - Loaded System Directive: org.apache.velocity.runtime.directive.Macro
2010-03-11 10:02:58,136 - Loaded System Directive: org.apache.velocity.runtime.directive.Parse
2010-03-11 10:02:58,137 - Loaded System Directive: org.apache.velocity.runtime.directive.Include
2010-03-11 10:02:58,138 - Loaded System Directive: org.apache.velocity.runtime.directive.Foreach
2010-03-11 10:02:58,165 - Created '20' parsers.
2010-03-11 10:02:58,171 - Velocimacro : "velocimacro.library" is not set.  Trying default library: VM_global_library.vm
2010-03-11 10:02:58,171 - Velocimacro : Default library not found.
2010-03-11 10:02:58,171 - Velocimacro : allowInline = true : VMs can be defined inline in templates
2010-03-11 10:02:58,171 - Velocimacro : allowInlineToOverride = false : VMs defined inline may NOT replace previous VM definitions
2010-03-11 10:02:58,171 - Velocimacro : allowInlineLocal = false : VMs defined inline will be global in scope if allowed.
2010-03-11 10:02:58,171 - Velocimacro : autoload off : VM system will not automatically reload global library macros
2010-03-11 10:02:58,199 - ResourceManager : found announcements.vm with loader org.apache.velocity.runtime.resource.loader.FileResourceLoader
2010-03-11 10:02:58,211 - ResourceManager : found attacklist.vm with loader org.apache.velocity.runtime.resource.loader.FileResourceLoader
2010-03-11 10:02:58,228 - ResourceManager : found equiplist.vm with loader org.apache.velocity.runtime.resource.loader.FileResourceLoader
2010-03-11 10:02:58,236 - ResourceManager : found inventory.vm with loader org.apache.velocity.runtime.resource.loader.FileResourceLoader
2010-03-11 10:02:58,245 - ResourceManager : found messages.vm with loader org.apache.velocity.runtime.resource.loader.FileResourceLoader
2010-03-11 10:02:58,248 - ResourceManager : found occupants.vm with loader org.apache.velocity.runtime.resource.loader.FileResourceLoader
2010-03-11 10:02:58,251 - ResourceManager : found stats.vm with loader org.apache.velocity.runtime.resource.loader.FileResourceLoader
2010-03-11 14:19:29,657 - Log4JLogChute initialized using file 'velocity.log'
2010-03-11 14:19:29,657 - Starting Apache Velocity v1.5 (compiled: 2007-02-22 08:52:29)
2010-03-11 14:19:29,658 - Default Properties File: org/apache/velocity/runtime/defaults/velocity.properties
2010-03-11 14:19:29,658 - Trying to use logger class org.apache.velocity.runtime.log.AvalonLogChute
2010-03-11 14:19:29,658 - Couldn't find class org.apache.velocity.runtime.log.AvalonLogChute or necessary supporting classes in classpath.
java.lang.NoClassDefFoundError: org/apache/log/format/Formatter
	at java.lang.Class.forName0(Native Method)
	at java.lang.Class.forName(Class.java:169)
	at org.apache.velocity.util.ClassUtils.getClass(ClassUtils.java:76)
	at org.apache.velocity.util.ClassUtils.getNewInstance(ClassUtils.java:95)
	at org.apache.velocity.runtime.log.LogManager.createLogChute(LogManager.java:147)
	at org.apache.velocity.runtime.log.LogManager.updateLog(LogManager.java:208)
	at org.apache.velocity.runtime.RuntimeInstance.initializeLog(RuntimeInstance.java:728)
	at org.apache.velocity.runtime.RuntimeInstance.init(RuntimeInstance.java:240)
	at org.apache.velocity.runtime.RuntimeInstance.init(RuntimeInstance.java:534)
	at org.apache.velocity.runtime.RuntimeSingleton.init(RuntimeSingleton.java:227)
	at org.apache.velocity.app.Velocity.init(Velocity.java:111)
	at at.riemers.velocity2js.velocity.Velocity2Js.init(Velocity2Js.java:81)
	at at.riemers.velocity2js.velocity.Velocity2JsTask.execute(Velocity2JsTask.java:103)
	at org.apache.tools.ant.UnknownElement.execute(UnknownElement.java:288)
	at sun.reflect.NativeMethodAccessorImpl.invoke0(Native Method)
	at sun.reflect.NativeMethodAccessorImpl.invoke(NativeMethodAccessorImpl.java:39)
	at sun.reflect.DelegatingMethodAccessorImpl.invoke(DelegatingMethodAccessorImpl.java:25)
	at java.lang.reflect.Method.invoke(Method.java:597)
	at org.apache.tools.ant.dispatch.DispatchUtils.execute(DispatchUtils.java:106)
	at org.apache.tools.ant.Task.perform(Task.java:348)
	at org.apache.tools.ant.Target.execute(Target.java:357)
	at org.apache.tools.ant.Target.performTasks(Target.java:385)
	at org.apache.tools.ant.Project.executeSortedTargets(Project.java:1337)
	at org.apache.tools.ant.Project.executeTarget(Project.java:1306)
	at org.apache.tools.ant.helper.DefaultExecutor.executeTargets(DefaultExecutor.java:41)
	at org.apache.tools.ant.Project.executeTargets(Project.java:1189)
	at org.apache.tools.ant.Main.runBuild(Main.java:758)
	at org.apache.tools.ant.Main.startAnt(Main.java:217)
	at org.apache.tools.ant.launch.Launcher.run(Launcher.java:257)
	at org.apache.tools.ant.launch.Launcher.main(Launcher.java:104)
Caused by: java.lang.ClassNotFoundException: org.apache.log.format.Formatter
	at org.apache.tools.ant.AntClassLoader.findClassInComponents(AntClassLoader.java:1400)
	at org.apache.tools.ant.AntClassLoader.findClass(AntClassLoader.java:1341)
	at org.apache.tools.ant.AntClassLoader.loadClass(AntClassLoader.java:1088)
	at java.lang.ClassLoader.loadClass(ClassLoader.java:252)
	at java.lang.ClassLoader.loadClassInternal(ClassLoader.java:320)
	... 30 more
2010-03-11 14:19:29,660 - Trying to use logger class org.apache.velocity.runtime.log.Log4JLogChute
2010-03-11 14:19:29,660 - Using logger class org.apache.velocity.runtime.log.Log4JLogChute
2010-03-11 14:19:29,662 - Default ResourceManager initializing. (class org.apache.velocity.runtime.resource.ResourceManagerImpl)
2010-03-11 14:19:29,665 - ResourceLoader instantiated: org.apache.velocity.runtime.resource.loader.FileResourceLoader
2010-03-11 14:19:29,666 - Do unicode file recognition:  false
2010-03-11 14:19:29,666 - FileResourceLoader : adding path '/home/jchoyt/devel/invasion/config/templates'
2010-03-11 14:19:29,682 - ResourceCache: initialized (class org.apache.velocity.runtime.resource.ResourceCacheImpl)
2010-03-11 14:19:29,683 - Loaded System Directive: org.apache.velocity.runtime.directive.Literal
2010-03-11 14:19:29,685 - Loaded System Directive: org.apache.velocity.runtime.directive.Macro
2010-03-11 14:19:29,686 - Loaded System Directive: org.apache.velocity.runtime.directive.Parse
2010-03-11 14:19:29,687 - Loaded System Directive: org.apache.velocity.runtime.directive.Include
2010-03-11 14:19:29,688 - Loaded System Directive: org.apache.velocity.runtime.directive.Foreach
2010-03-11 14:19:29,715 - Created '20' parsers.
2010-03-11 14:19:29,722 - Velocimacro : "velocimacro.library" is not set.  Trying default library: VM_global_library.vm
2010-03-11 14:19:29,722 - Velocimacro : Default library not found.
2010-03-11 14:19:29,722 - Velocimacro : allowInline = true : VMs can be defined inline in templates
2010-03-11 14:19:29,722 - Velocimacro : allowInlineToOverride = false : VMs defined inline may NOT replace previous VM definitions
2010-03-11 14:19:29,722 - Velocimacro : allowInlineLocal = false : VMs defined inline will be global in scope if allowed.
2010-03-11 14:19:29,722 - Velocimacro : autoload off : VM system will not automatically reload global library macros
2010-03-11 14:19:29,768 - ResourceManager : found announcements.vm with loader org.apache.velocity.runtime.resource.loader.FileResourceLoader
2010-03-11 14:19:29,777 - ResourceManager : found attacklist.vm with loader org.apache.velocity.runtime.resource.loader.FileResourceLoader
2010-03-11 14:19:29,796 - ResourceManager : found equiplist.vm with loader org.apache.velocity.runtime.resource.loader.FileResourceLoader
2010-03-11 14:19:29,805 - ResourceManager : found inventory.vm with loader org.apache.velocity.runtime.resource.loader.FileResourceLoader
2010-03-11 14:19:29,814 - ResourceManager : found messages.vm with loader org.apache.velocity.runtime.resource.loader.FileResourceLoader
2010-03-11 14:19:29,818 - ResourceManager : found occupants.vm with loader org.apache.velocity.runtime.resource.loader.FileResourceLoader
2010-03-11 14:19:29,822 - ResourceManager : found stats.vm with loader org.apache.velocity.runtime.resource.loader.FileResourceLoader
